============================================================
开发者文档编写助手 - 知识库构建系统
============================================================
数据概览:
- 总数据量: 11,097 条反馈
- 规则数量: 9 个
- 各规则数据分布:
  规则 3: 1207 条
  规则 5: 608 条
  规则 6: 210 条
  规则 7: 2395 条
  规则 8: 1147 条
  规则 9: 158 条
  规则 10: 243 条
  规则 11: 1603 条
  规则 12: 3526 条

============================================================
配置选项:
- 并发线程数: 25 (可调整: 4-12)
- 批处理大小: 50 (可调整: 20-100)
- API重试次数: 3
- 中间结果保存: 启用

处理方案:
1. 测试方案: 处理规则7和8 (约3542条数据, 预计20-30分钟)
2. 完整方案: 处理所有9个规则 (全部11097条数据, 预计60-90分钟)
3. 自定义方案: 选择特定规则

请选择处理方案 (1/2/3): 选择完整方案，处理所有规则: [3, 5, 6, 7, 8, 9, 10, 11, 12]

预计处理 11097 条数据，估算时间: 369.9 分钟

确认开始构建知识库? (y/n): 
============================================================
开始构建知识库...
============================================================
开始构建完整知识库，处理规则: [3, 5, 6, 7, 8, 9, 10, 11, 12]
总数据量: 11097 条
并行线程数: 25
批处理大小: 50
处理规则 3 (语句通顺)...
总计 1207 条数据
处理批次 1/25
origin positive: 0
origin negative: 50
批次完成 - 正面示例: 0, 反面示例: 40
处理批次 2/25
origin positive: 0
origin negative: 50
批次完成 - 正面示例: 0, 反面示例: 35
处理批次 3/25
origin positive: 2
origin negative: 48
批次完成 - 正面示例: 2, 反面示例: 39
处理批次 4/25
origin positive: 0
origin negative: 50
批次完成 - 正面示例: 0, 反面示例: 48
处理批次 5/25
origin positive: 1
origin negative: 49
批次完成 - 正面示例: 1, 反面示例: 46
处理批次 6/25
origin positive: 1
origin negative: 49
批次完成 - 正面示例: 0, 反面示例: 46
处理批次 7/25
origin positive: 32
origin negative: 18
批次完成 - 正面示例: 32, 反面示例: 17
处理批次 8/25
origin positive: 14
origin negative: 36
批次完成 - 正面示例: 13, 反面示例: 29
处理批次 9/25
origin positive: 9
origin negative: 41
批次完成 - 正面示例: 8, 反面示例: 38
处理批次 10/25
origin positive: 11
origin negative: 39
批次完成 - 正面示例: 11, 反面示例: 36
处理批次 11/25
origin positive: 11
origin negative: 39
批次完成 - 正面示例: 8, 反面示例: 37
处理批次 12/25
origin positive: 26
origin negative: 24
批次完成 - 正面示例: 20, 反面示例: 21
处理批次 13/25
origin positive: 39
origin negative: 11
批次完成 - 正面示例: 33, 反面示例: 11
处理批次 14/25
origin positive: 36
origin negative: 14
批次完成 - 正面示例: 30, 反面示例: 13
处理批次 15/25
origin positive: 50
origin negative: 0
批次完成 - 正面示例: 40, 反面示例: 0
处理批次 16/25
origin positive: 48
origin negative: 2
批次完成 - 正面示例: 44, 反面示例: 0
处理批次 17/25
origin positive: 40
origin negative: 10
批次完成 - 正面示例: 30, 反面示例: 10
处理批次 18/25
origin positive: 36
origin negative: 14
批次完成 - 正面示例: 27, 反面示例: 14
处理批次 19/25
origin positive: 28
origin negative: 22
批次完成 - 正面示例: 23, 反面示例: 21
处理批次 20/25
origin positive: 20
origin negative: 30
批次完成 - 正面示例: 13, 反面示例: 28
处理批次 21/25
origin positive: 23
origin negative: 27
批次完成 - 正面示例: 20, 反面示例: 26
处理批次 22/25
origin positive: 14
origin negative: 36
批次完成 - 正面示例: 12, 反面示例: 35
处理批次 23/25
origin positive: 26
origin negative: 24
批次完成 - 正面示例: 20, 反面示例: 22
处理批次 24/25
origin positive: 21
origin negative: 29
批次完成 - 正面示例: 19, 反面示例: 29
处理批次 25/25
origin positive: 0
origin negative: 7
批次完成 - 正面示例: 0, 反面示例: 6
规则 3 处理完成 - 正面示例: 406, 反面示例: 647
规则 3 知识库已保存到 knowledge_base_rule_3_complete.json
处理规则 5 (模糊词)...
总计 608 条数据
处理批次 1/13
origin positive: 0
origin negative: 50
批次完成 - 正面示例: 0, 反面示例: 50
处理批次 2/13
origin positive: 12
origin negative: 38
批次完成 - 正面示例: 12, 反面示例: 36
处理批次 3/13
origin positive: 3
origin negative: 47
批次完成 - 正面示例: 3, 反面示例: 46
处理批次 4/13
origin positive: 14
origin negative: 36
批次完成 - 正面示例: 14, 反面示例: 35
处理批次 5/13
origin positive: 43
origin negative: 7
批次完成 - 正面示例: 35, 反面示例: 7
处理批次 6/13
origin positive: 39
origin negative: 11
批次完成 - 正面示例: 32, 反面示例: 11
处理批次 7/13
origin positive: 50
origin negative: 0
批次完成 - 正面示例: 42, 反面示例: 0
处理批次 8/13
origin positive: 47
origin negative: 3
批次完成 - 正面示例: 38, 反面示例: 3
处理批次 9/13
origin positive: 41
origin negative: 9
批次完成 - 正面示例: 33, 反面示例: 9
处理批次 10/13
origin positive: 7
origin negative: 43
批次完成 - 正面示例: 5, 反面示例: 43
处理批次 11/13
origin positive: 28
origin negative: 22
批次完成 - 正面示例: 23, 反面示例: 22
处理批次 12/13
origin positive: 25
origin negative: 25
批次完成 - 正面示例: 23, 反面示例: 24
处理批次 13/13
origin positive: 1
origin negative: 7
批次完成 - 正面示例: 1, 反面示例: 7
规则 5 处理完成 - 正面示例: 261, 反面示例: 293
规则 5 知识库已保存到 knowledge_base_rule_5_complete.json
处理规则 6 (标点符号误用)...
总计 210 条数据
处理批次 1/5
origin positive: 12
origin negative: 38
批次完成 - 正面示例: 7, 反面示例: 31
处理批次 2/5
origin positive: 12
origin negative: 38
批次完成 - 正面示例: 10, 反面示例: 31
处理批次 3/5
origin positive: 33
origin negative: 17
批次完成 - 正面示例: 29, 反面示例: 10
处理批次 4/5
origin positive: 36
origin negative: 14
批次完成 - 正面示例: 33, 反面示例: 10
处理批次 5/5
origin positive: 3
origin negative: 7
批次完成 - 正面示例: 3, 反面示例: 7
规则 6 处理完成 - 正面示例: 82, 反面示例: 89
规则 6 知识库已保存到 knowledge_base_rule_6_complete.json
处理规则 7 (语言表达一致性)...
总计 2395 条数据
处理批次 1/48
origin positive: 4
origin negative: 46
批次完成 - 正面示例: 3, 反面示例: 45
处理批次 2/48
origin positive: 0
origin negative: 50
批次完成 - 正面示例: 0, 反面示例: 47
处理批次 3/48
origin positive: 17
origin negative: 33
批次完成 - 正面示例: 15, 反面示例: 31
处理批次 4/48
origin positive: 2
origin negative: 48
批次完成 - 正面示例: 2, 反面示例: 46
处理批次 5/48
origin positive: 4
origin negative: 46
批次完成 - 正面示例: 4, 反面示例: 46
处理批次 6/48
origin positive: 0
origin negative: 50
批次完成 - 正面示例: 0, 反面示例: 50
处理批次 7/48
origin positive: 0
origin negative: 50
批次完成 - 正面示例: 0, 反面示例: 50
处理批次 8/48
origin positive: 17
origin negative: 33
批次完成 - 正面示例: 17, 反面示例: 32
处理批次 9/48
origin positive: 11
origin negative: 39
批次完成 - 正面示例: 11, 反面示例: 38
处理批次 10/48
origin positive: 10
origin negative: 40
批次完成 - 正面示例: 10, 反面示例: 38
处理批次 11/48
origin positive: 13
origin negative: 37
批次完成 - 正面示例: 12, 反面示例: 37
处理批次 12/48
origin positive: 12
origin negative: 38
批次完成 - 正面示例: 11, 反面示例: 37
处理批次 13/48
origin positive: 18
origin negative: 32
批次完成 - 正面示例: 17, 反面示例: 32
处理批次 14/48
origin positive: 22
origin negative: 28
批次完成 - 正面示例: 22, 反面示例: 25
处理批次 15/48
origin positive: 15
origin negative: 35
批次完成 - 正面示例: 14, 反面示例: 34
处理批次 16/48
origin positive: 46
origin negative: 4
批次完成 - 正面示例: 44, 反面示例: 3
处理批次 17/48
origin positive: 30
origin negative: 20
批次完成 - 正面示例: 29, 反面示例: 16
处理批次 18/48
origin positive: 13
origin negative: 37
批次完成 - 正面示例: 11, 反面示例: 33
处理批次 19/48
origin positive: 8
origin negative: 42
批次完成 - 正面示例: 5, 反面示例: 40
处理批次 20/48
origin positive: 21
origin negative: 29
批次完成 - 正面示例: 19, 反面示例: 27
处理批次 21/48
origin positive: 37
origin negative: 13
批次完成 - 正面示例: 35, 反面示例: 13
处理批次 22/48
origin positive: 49
origin negative: 1
批次完成 - 正面示例: 36, 反面示例: 1
处理批次 23/48
origin positive: 48
origin negative: 2
批次完成 - 正面示例: 47, 反面示例: 1
处理批次 24/48
origin positive: 22
origin negative: 28
批次完成 - 正面示例: 9, 反面示例: 26
处理批次 25/48
origin positive: 39
origin negative: 11
批次完成 - 正面示例: 38, 反面示例: 11
处理批次 26/48
origin positive: 43
origin negative: 7
批次完成 - 正面示例: 37, 反面示例: 7
处理批次 27/48
origin positive: 44
origin negative: 6
批次完成 - 正面示例: 39, 反面示例: 6
处理批次 28/48
origin positive: 44
origin negative: 6
批次完成 - 正面示例: 40, 反面示例: 5
处理批次 29/48
origin positive: 44
origin negative: 6
批次完成 - 正面示例: 39, 反面示例: 6
处理批次 30/48
origin positive: 49
origin negative: 1
批次完成 - 正面示例: 48, 反面示例: 1
处理批次 31/48
origin positive: 46
origin negative: 4
批次完成 - 正面示例: 43, 反面示例: 3
处理批次 32/48
origin positive: 43
origin negative: 7
批次完成 - 正面示例: 41, 反面示例: 7
处理批次 33/48
origin positive: 46
origin negative: 4
批次完成 - 正面示例: 42, 反面示例: 4
处理批次 34/48
origin positive: 16
origin negative: 34
批次完成 - 正面示例: 14, 反面示例: 34
处理批次 35/48
origin positive: 34
origin negative: 16
批次完成 - 正面示例: 25, 反面示例: 16
处理批次 36/48
origin positive: 44
origin negative: 6
批次完成 - 正面示例: 40, 反面示例: 6
处理批次 37/48
origin positive: 38
origin negative: 12
API调用失败 (尝试 1/3): 403
API调用失败 (尝试 2/3): 403
API调用失败 (尝试 3/3): 403
批次完成 - 正面示例: 36, 反面示例: 12
处理批次 38/48
origin positive: 7
origin negative: 43
批次完成 - 正面示例: 7, 反面示例: 43
处理批次 39/48
origin positive: 36
origin negative: 14
批次完成 - 正面示例: 32, 反面示例: 14
处理批次 40/48
origin positive: 24
origin negative: 26
批次完成 - 正面示例: 21, 反面示例: 26
处理批次 41/48
origin positive: 21
origin negative: 29
批次完成 - 正面示例: 21, 反面示例: 28
处理批次 42/48
origin positive: 23
origin negative: 27
批次完成 - 正面示例: 17, 反面示例: 27
处理批次 43/48
origin positive: 31
origin negative: 19
批次完成 - 正面示例: 28, 反面示例: 18
处理批次 44/48
origin positive: 23
origin negative: 27
批次完成 - 正面示例: 21, 反面示例: 23
处理批次 45/48
origin positive: 39
origin negative: 11
批次完成 - 正面示例: 39, 反面示例: 11
处理批次 46/48
origin positive: 27
origin negative: 23
批次完成 - 正面示例: 26, 反面示例: 23
处理批次 47/48
origin positive: 27
origin negative: 23
批次完成 - 正面示例: 20, 反面示例: 23
处理批次 48/48
origin positive: 4
origin negative: 41
批次完成 - 正面示例: 4, 反面示例: 38
规则 7 处理完成 - 正面示例: 1091, 反面示例: 1140
规则 7 知识库已保存到 knowledge_base_rule_7_complete.json
处理规则 8 (错别字、拼写错误、错漏字)...
总计 1147 条数据
处理批次 1/23
origin positive: 0
origin negative: 50
批次完成 - 正面示例: 0, 反面示例: 26
处理批次 2/23
origin positive: 15
origin negative: 35
批次完成 - 正面示例: 15, 反面示例: 30
处理批次 3/23
origin positive: 5
origin negative: 45
批次完成 - 正面示例: 4, 反面示例: 34
处理批次 4/23
origin positive: 21
origin negative: 29
批次完成 - 正面示例: 18, 反面示例: 16
处理批次 5/23
origin positive: 21
origin negative: 29
批次完成 - 正面示例: 20, 反面示例: 20
处理批次 6/23
origin positive: 17
origin negative: 33
批次完成 - 正面示例: 15, 反面示例: 26
处理批次 7/23
origin positive: 36
origin negative: 14
批次完成 - 正面示例: 32, 反面示例: 7
处理批次 8/23
origin positive: 50
origin negative: 0
批次完成 - 正面示例: 50, 反面示例: 0
处理批次 9/23
origin positive: 33
origin negative: 17
批次完成 - 正面示例: 29, 反面示例: 15
处理批次 10/23
origin positive: 49
origin negative: 1
批次完成 - 正面示例: 45, 反面示例: 1
处理批次 11/23
origin positive: 39
origin negative: 11
批次完成 - 正面示例: 32, 反面示例: 9
处理批次 12/23
origin positive: 49
origin negative: 1
批次完成 - 正面示例: 46, 反面示例: 1
处理批次 13/23
origin positive: 45
origin negative: 5
批次完成 - 正面示例: 45, 反面示例: 5
处理批次 14/23
origin positive: 46
origin negative: 4
批次完成 - 正面示例: 44, 反面示例: 4
处理批次 15/23
origin positive: 45
origin negative: 5
批次完成 - 正面示例: 43, 反面示例: 5
处理批次 16/23
origin positive: 44
origin negative: 6
批次完成 - 正面示例: 41, 反面示例: 3
处理批次 17/23
origin positive: 41
origin negative: 9
批次完成 - 正面示例: 33, 反面示例: 9
处理批次 18/23
origin positive: 41
origin negative: 9
批次完成 - 正面示例: 27, 反面示例: 4
处理批次 19/23
origin positive: 35
origin negative: 15
API调用失败 (尝试 1/3): 403
API调用失败 (尝试 2/3): 403
API调用失败 (尝试 3/3): 403
批次完成 - 正面示例: 32, 反面示例: 11
处理批次 20/23
origin positive: 44
origin negative: 6
批次完成 - 正面示例: 32, 反面示例: 5
处理批次 21/23
origin positive: 26
origin negative: 24
批次完成 - 正面示例: 24, 反面示例: 18
处理批次 22/23
origin positive: 41
origin negative: 9
批次完成 - 正面示例: 35, 反面示例: 8
处理批次 23/23
origin positive: 25
origin negative: 22
API调用失败 (尝试 1/3): 403
API调用失败 (尝试 2/3): 403
API调用失败 (尝试 3/3): 403
批次完成 - 正面示例: 22, 反面示例: 15
规则 8 处理完成 - 正面示例: 684, 反面示例: 272
规则 8 知识库已保存到 knowledge_base_rule_8_complete.json
处理规则 9 (口语化表达)...
总计 158 条数据
处理批次 1/4
origin positive: 2
origin negative: 48
批次完成 - 正面示例: 2, 反面示例: 39
处理批次 2/4
origin positive: 33
origin negative: 17
批次完成 - 正面示例: 29, 反面示例: 15
处理批次 3/4
origin positive: 36
origin negative: 14
批次完成 - 正面示例: 28, 反面示例: 13
处理批次 4/4
origin positive: 6
origin negative: 2
批次完成 - 正面示例: 6, 反面示例: 1
规则 9 处理完成 - 正面示例: 65, 反面示例: 68
规则 9 知识库已保存到 knowledge_base_rule_9_complete.json
处理规则 10 (重复词和空格)...
总计 243 条数据
处理批次 1/5
origin positive: 10
origin negative: 40
批次完成 - 正面示例: 9, 反面示例: 30
处理批次 2/5
origin positive: 44
origin negative: 6
批次完成 - 正面示例: 35, 反面示例: 3
处理批次 3/5
origin positive: 47
origin negative: 3
批次完成 - 正面示例: 41, 反面示例: 3
处理批次 4/5
origin positive: 42
origin negative: 8
批次完成 - 正面示例: 28, 反面示例: 6
处理批次 5/5
origin positive: 27
origin negative: 16
批次完成 - 正面示例: 18, 反面示例: 15
规则 10 处理完成 - 正面示例: 131, 反面示例: 57
规则 10 知识库已保存到 knowledge_base_rule_10_complete.json
处理规则 11 (冗余表达)...
总计 1603 条数据
处理批次 1/33
origin positive: 0
origin negative: 50
批次完成 - 正面示例: 0, 反面示例: 47
处理批次 2/33
origin positive: 0
origin negative: 50
批次完成 - 正面示例: 0, 反面示例: 43
处理批次 3/33
origin positive: 6
origin negative: 44
批次完成 - 正面示例: 2, 反面示例: 38
处理批次 4/33
origin positive: 21
origin negative: 29
批次完成 - 正面示例: 16, 反面示例: 26
处理批次 5/33
origin positive: 6
origin negative: 44
批次完成 - 正面示例: 6, 反面示例: 36
处理批次 6/33
origin positive: 0
origin negative: 50
批次完成 - 正面示例: 0, 反面示例: 46
处理批次 7/33
origin positive: 0
origin negative: 50
批次完成 - 正面示例: 0, 反面示例: 47
处理批次 8/33
origin positive: 0
origin negative: 50
批次完成 - 正面示例: 0, 反面示例: 44
处理批次 9/33
origin positive: 3
origin negative: 47
批次完成 - 正面示例: 3, 反面示例: 45
处理批次 10/33
origin positive: 0
origin negative: 50
批次完成 - 正面示例: 0, 反面示例: 49
处理批次 11/33
origin positive: 5
origin negative: 45
批次完成 - 正面示例: 5, 反面示例: 42
处理批次 12/33
origin positive: 3
origin negative: 47
批次完成 - 正面示例: 3, 反面示例: 40
处理批次 13/33
origin positive: 8
origin negative: 42
批次完成 - 正面示例: 7, 反面示例: 41
处理批次 14/33
origin positive: 11
origin negative: 39
批次完成 - 正面示例: 11, 反面示例: 36
处理批次 15/33
origin positive: 27
origin negative: 23
批次完成 - 正面示例: 23, 反面示例: 21
处理批次 16/33
origin positive: 32
origin negative: 18
批次完成 - 正面示例: 30, 反面示例: 16
处理批次 17/33
origin positive: 23
origin negative: 27
批次完成 - 正面示例: 21, 反面示例: 25
处理批次 18/33
origin positive: 48
origin negative: 2
批次完成 - 正面示例: 47, 反面示例: 2
处理批次 19/33
origin positive: 49
origin negative: 1
批次完成 - 正面示例: 41, 反面示例: 0
处理批次 20/33
origin positive: 42
origin negative: 8
批次完成 - 正面示例: 36, 反面示例: 8
处理批次 21/33
origin positive: 37
origin negative: 13
批次完成 - 正面示例: 29, 反面示例: 8
处理批次 22/33
origin positive: 50
origin negative: 0
批次完成 - 正面示例: 36, 反面示例: 0
处理批次 23/33
origin positive: 50
origin negative: 0
批次完成 - 正面示例: 33, 反面示例: 0
处理批次 24/33
origin positive: 50
origin negative: 0
批次完成 - 正面示例: 36, 反面示例: 0
处理批次 25/33
origin positive: 49
origin negative: 1
批次完成 - 正面示例: 35, 反面示例: 1
处理批次 26/33
origin positive: 46
origin negative: 4
批次完成 - 正面示例: 40, 反面示例: 4
处理批次 27/33
origin positive: 27
origin negative: 23
批次完成 - 正面示例: 25, 反面示例: 22
处理批次 28/33
origin positive: 24
origin negative: 26
批次完成 - 正面示例: 23, 反面示例: 25
处理批次 29/33
origin positive: 20
origin negative: 30
批次完成 - 正面示例: 18, 反面示例: 25
处理批次 30/33
origin positive: 18
origin negative: 32
批次完成 - 正面示例: 16, 反面示例: 31
处理批次 31/33
origin positive: 40
origin negative: 10
批次完成 - 正面示例: 33, 反面示例: 10
处理批次 32/33
origin positive: 29
origin negative: 21
批次完成 - 正面示例: 26, 反面示例: 19
处理批次 33/33
origin positive: 1
origin negative: 2
批次完成 - 正面示例: 1, 反面示例: 2
规则 11 处理完成 - 正面示例: 602, 反面示例: 799
规则 11 知识库已保存到 knowledge_base_rule_11_complete.json
处理规则 12 (混合规则)...
总计 3526 条数据
处理批次 1/71
origin positive: 0
origin negative: 50
批次完成 - 正面示例: 0, 反面示例: 47
处理批次 2/71
origin positive: 0
origin negative: 50
批次完成 - 正面示例: 0, 反面示例: 43
处理批次 3/71
origin positive: 0
origin negative: 50
批次完成 - 正面示例: 0, 反面示例: 45
处理批次 4/71
origin positive: 0
origin negative: 50
批次完成 - 正面示例: 0, 反面示例: 42
处理批次 5/71
origin positive: 0
origin negative: 50
批次完成 - 正面示例: 0, 反面示例: 47
处理批次 6/71
origin positive: 0
origin negative: 50
批次完成 - 正面示例: 0, 反面示例: 46
处理批次 7/71
origin positive: 9
origin negative: 41
批次完成 - 正面示例: 3, 反面示例: 41
处理批次 8/71
origin positive: 0
origin negative: 50
批次完成 - 正面示例: 0, 反面示例: 48
处理批次 9/71
origin positive: 3
origin negative: 47
批次完成 - 正面示例: 2, 反面示例: 44
处理批次 10/71
origin positive: 7
origin negative: 43
批次完成 - 正面示例: 7, 反面示例: 42
处理批次 11/71
origin positive: 0
origin negative: 50
批次完成 - 正面示例: 0, 反面示例: 47
处理批次 12/71
origin positive: 0
origin negative: 50
API调用失败 (尝试 1/3): 502
API调用失败 (尝试 1/3): 502
API调用失败 (尝试 1/3): 502
批次完成 - 正面示例: 0, 反面示例: 47
处理批次 13/71
origin positive: 0
origin negative: 50
批次完成 - 正面示例: 0, 反面示例: 48
处理批次 14/71
origin positive: 4
origin negative: 46
批次完成 - 正面示例: 4, 反面示例: 45
处理批次 15/71
origin positive: 0
origin negative: 50
批次完成 - 正面示例: 0, 反面示例: 49
处理批次 16/71
origin positive: 13
origin negative: 37
批次完成 - 正面示例: 9, 反面示例: 35
处理批次 17/71
origin positive: 20
origin negative: 30
批次完成 - 正面示例: 18, 反面示例: 28
处理批次 18/71
origin positive: 16
origin negative: 34
批次完成 - 正面示例: 14, 反面示例: 34
处理批次 19/71
origin positive: 18
origin negative: 32
批次完成 - 正面示例: 15, 反面示例: 32
处理批次 20/71
origin positive: 6
origin negative: 44
批次完成 - 正面示例: 4, 反面示例: 44
处理批次 21/71
origin positive: 6
origin negative: 44
批次完成 - 正面示例: 5, 反面示例: 44
处理批次 22/71
origin positive: 16
origin negative: 34
批次完成 - 正面示例: 14, 反面示例: 34
处理批次 23/71
origin positive: 31
origin negative: 19
批次完成 - 正面示例: 29, 反面示例: 18
处理批次 24/71
origin positive: 17
origin negative: 33
批次完成 - 正面示例: 11, 反面示例: 32
处理批次 25/71
origin positive: 0
origin negative: 50
批次完成 - 正面示例: 0, 反面示例: 50
处理批次 26/71
origin positive: 25
origin negative: 25
批次完成 - 正面示例: 16, 反面示例: 23
处理批次 27/71
origin positive: 47
origin negative: 3
批次完成 - 正面示例: 38, 反面示例: 1
处理批次 28/71
origin positive: 40
origin negative: 10
批次完成 - 正面示例: 30, 反面示例: 9
处理批次 29/71
origin positive: 4
origin negative: 46
批次完成 - 正面示例: 4, 反面示例: 44
处理批次 30/71
origin positive: 18
origin negative: 32
批次完成 - 正面示例: 13, 反面示例: 32
处理批次 31/71
origin positive: 30
origin negative: 20
批次完成 - 正面示例: 17, 反面示例: 20
处理批次 32/71
origin positive: 35
origin negative: 15
批次完成 - 正面示例: 32, 反面示例: 15
处理批次 33/71
origin positive: 50
origin negative: 0
批次完成 - 正面示例: 50, 反面示例: 0
处理批次 34/71
origin positive: 43
origin negative: 7
批次完成 - 正面示例: 38, 反面示例: 7
处理批次 35/71
origin positive: 35
origin negative: 15
批次完成 - 正面示例: 4, 反面示例: 15
处理批次 36/71
origin positive: 39
origin negative: 11
批次完成 - 正面示例: 34, 反面示例: 10
处理批次 37/71
origin positive: 47
origin negative: 3
API调用失败 (尝试 1/3): 403
批次完成 - 正面示例: 35, 反面示例: 3
处理批次 38/71
origin positive: 32
origin negative: 18
批次完成 - 正面示例: 30, 反面示例: 18
处理批次 39/71
origin positive: 48
origin negative: 2
批次完成 - 正面示例: 37, 反面示例: 2
处理批次 40/71
origin positive: 38
origin negative: 12
批次完成 - 正面示例: 26, 反面示例: 10
处理批次 41/71
origin positive: 50
origin negative: 0
批次完成 - 正面示例: 34, 反面示例: 0
处理批次 42/71
origin positive: 50
origin negative: 0
批次完成 - 正面示例: 29, 反面示例: 0
处理批次 43/71
origin positive: 47
origin negative: 3
批次完成 - 正面示例: 31, 反面示例: 3
处理批次 44/71
origin positive: 48
origin negative: 2
批次完成 - 正面示例: 35, 反面示例: 2
处理批次 45/71
origin positive: 50
origin negative: 0
批次完成 - 正面示例: 22, 反面示例: 0
处理批次 46/71
origin positive: 48
origin negative: 2
批次完成 - 正面示例: 34, 反面示例: 2
处理批次 47/71
origin positive: 29
origin negative: 21
批次完成 - 正面示例: 21, 反面示例: 19
处理批次 48/71
origin positive: 50
origin negative: 0
批次完成 - 正面示例: 37, 反面示例: 0
处理批次 49/71
origin positive: 50
origin negative: 0
批次完成 - 正面示例: 39, 反面示例: 0
处理批次 50/71
origin positive: 49
origin negative: 1
批次完成 - 正面示例: 36, 反面示例: 1
处理批次 51/71
origin positive: 49
origin negative: 1
批次完成 - 正面示例: 23, 反面示例: 1
处理批次 52/71
origin positive: 46
origin negative: 4
批次完成 - 正面示例: 28, 反面示例: 4
处理批次 53/71
origin positive: 44
origin negative: 6
批次完成 - 正面示例: 32, 反面示例: 6
处理批次 54/71
origin positive: 39
origin negative: 11
API调用失败 (尝试 1/3): 503
批次完成 - 正面示例: 35, 反面示例: 11
处理批次 55/71
origin positive: 14
origin negative: 36
批次完成 - 正面示例: 12, 反面示例: 35
处理批次 56/71
origin positive: 7
origin negative: 43
批次完成 - 正面示例: 6, 反面示例: 42
处理批次 57/71
origin positive: 47
origin negative: 3
批次完成 - 正面示例: 37, 反面示例: 3
处理批次 58/71
origin positive: 50
origin negative: 0
批次完成 - 正面示例: 29, 反面示例: 0
处理批次 59/71
origin positive: 37
origin negative: 13
批次完成 - 正面示例: 28, 反面示例: 13
处理批次 60/71
origin positive: 33
origin negative: 17
批次完成 - 正面示例: 30, 反面示例: 16
处理批次 61/71
origin positive: 23
origin negative: 27
批次完成 - 正面示例: 17, 反面示例: 26
处理批次 62/71
origin positive: 28
origin negative: 22
批次完成 - 正面示例: 22, 反面示例: 22
处理批次 63/71
origin positive: 17
origin negative: 33
批次完成 - 正面示例: 12, 反面示例: 32
处理批次 64/71
origin positive: 8
origin negative: 42
批次完成 - 正面示例: 3, 反面示例: 42
处理批次 65/71
origin positive: 29
origin negative: 21
批次完成 - 正面示例: 10, 反面示例: 20
处理批次 66/71
origin positive: 35
origin negative: 15
批次完成 - 正面示例: 29, 反面示例: 15
处理批次 67/71
origin positive: 34
origin negative: 16
批次完成 - 正面示例: 33, 反面示例: 16
处理批次 68/71
origin positive: 40
origin negative: 10
批次完成 - 正面示例: 39, 反面示例: 10
处理批次 69/71
origin positive: 45
origin negative: 5
批次完成 - 正面示例: 41, 反面示例: 4
处理批次 70/71
origin positive: 25
origin negative: 25
批次完成 - 正面示例: 18, 反面示例: 25
处理批次 71/71
origin positive: 11
origin negative: 15
批次完成 - 正面示例: 9, 反面示例: 13
规则 12 处理完成 - 正面示例: 1350, 反面示例: 1624
规则 12 知识库已保存到 knowledge_base_rule_12_complete.json
完整知识库构建完成！

============================================================
构建完成!
总耗时: 420.5 分钟
生成正面示例: 4672 个
生成反面示例: 4989 个
总有效案例: 9661 个

输出文件:
- complete_knowledge_base.json (完整知识库)
- knowledge_base_rule_3_complete.json
- knowledge_base_rule_5_complete.json
- knowledge_base_rule_6_complete.json
- knowledge_base_rule_7_complete.json
- knowledge_base_rule_8_complete.json
- knowledge_base_rule_9_complete.json
- knowledge_base_rule_10_complete.json
- knowledge_base_rule_11_complete.json
- knowledge_base_rule_12_complete.json
- intermediate_results/ (中间结果目录)
